\BOOKMARK [0][-]{chapter*.1}{摘 \040要}{}% 1
\BOOKMARK [0][-]{chapter*.2}{Contents}{}% 2
\BOOKMARK [0][-]{chapter.1}{第一章 \040绪论}{}% 3
\BOOKMARK [1][-]{section.1.1}{1.1 课题研究背景}{chapter.1}% 4
\BOOKMARK [1][-]{section.1.2}{1.2 国内外研究现状}{chapter.1}% 5
\BOOKMARK [2][-]{subsection.1.2.1}{1.2.1 体积雾}{section.1.2}% 6
\BOOKMARK [2][-]{subsection.1.2.2}{1.2.2 体积光}{section.1.2}% 7
\BOOKMARK [1][-]{section.1.3}{1.3 本文主要工作}{chapter.1}% 8
\BOOKMARK [1][-]{section.1.4}{1.4 本文组织结构}{chapter.1}% 9
\BOOKMARK [1][-]{section.1.5}{1.5 本章小结}{chapter.1}% 10
\BOOKMARK [0][-]{chapter.2}{第二章 \040相关技术研究}{}% 11
\BOOKMARK [1][-]{section.2.1}{2.1 光线传播概要}{chapter.2}% 12
\BOOKMARK [2][-]{subsection.2.1.1}{2.1.1 散射现象}{section.2.1}% 13
\BOOKMARK [2][-]{subsection.2.1.2}{2.1.2 散射模型}{section.2.1}% 14
\BOOKMARK [1][-]{section.2.2}{2.2 二维Ray-marching算法生成体积雾和体积光}{chapter.2}% 15
\BOOKMARK [1][-]{section.2.3}{2.3 本章小结}{chapter.2}% 16
\BOOKMARK [0][-]{chapter.3}{第三章 \040体积雾和体积光模拟算法}{}% 17
\BOOKMARK [1][-]{section.3.1}{3.1 算法概述}{chapter.3}% 18
\BOOKMARK [2][-]{subsection.3.1.1}{3.1.1 算法步骤}{section.3.1}% 19
\BOOKMARK [1][-]{section.3.2}{3.2 单个粒子的内散射光线计算}{chapter.3}% 20
\BOOKMARK [2][-]{subsection.3.2.1}{3.2.1 介质密度生成}{section.3.2}% 21
\BOOKMARK [2][-]{subsection.3.2.2}{3.2.2 三维纹理存储结构}{section.3.2}% 22
\BOOKMARK [2][-]{subsection.3.2.3}{3.2.3 多光源}{section.3.2}% 23
\BOOKMARK [2][-]{subsection.3.2.4}{3.2.4 单个粒子的散射计算}{section.3.2}% 24
\BOOKMARK [1][-]{section.3.3}{3.3 Ray-marching算法求解散射积分方程}{chapter.3}% 25
\BOOKMARK [1][-]{section.3.4}{3.4 级联阴影算法及优化}{chapter.3}% 26
\BOOKMARK [2][-]{subsection.3.4.1}{3.4.1 级联阴影}{section.3.4}% 27
\BOOKMARK [2][-]{subsection.3.4.2}{3.4.2 阴影贴图滤波}{section.3.4}% 28
\BOOKMARK [1][-]{section.3.5}{3.5 场景最终结果的计算}{chapter.3}% 29
\BOOKMARK [1][-]{section.3.6}{3.6 本章小节}{chapter.3}% 30
\BOOKMARK [0][-]{chapter.4}{第四章 \040实验结果及分析}{}% 31
\BOOKMARK [1][-]{section.4.1}{4.1 实验概述}{chapter.4}% 32
\BOOKMARK [1][-]{section.4.2}{4.2 实验环境}{chapter.4}% 33
\BOOKMARK [1][-]{section.4.3}{4.3 实验设计及结果分析}{chapter.4}% 34
\BOOKMARK [2][-]{subsection.4.3.1}{4.3.1 实验参数}{section.4.3}% 35
\BOOKMARK [2][-]{subsection.4.3.2}{4.3.2 不同密度的体积雾和体积光渲染效果展示}{section.4.3}% 36
\BOOKMARK [2][-]{subsection.4.3.3}{4.3.3 不同光源下体积雾和体积光的渲染效果展示}{section.4.3}% 37
\BOOKMARK [2][-]{subsection.4.3.4}{4.3.4 带有透明物体的场景的雾效和体积光的渲染}{section.4.3}% 38
\BOOKMARK [2][-]{subsection.4.3.5}{4.3.5 使用计算着色器和片元着色器渲染效率对比}{section.4.3}% 39
\BOOKMARK [2][-]{subsection.4.3.6}{4.3.6 本文算法阴影算法和常见阴影算法效果对比}{section.4.3}% 40
\BOOKMARK [1][-]{section.4.4}{4.4 本文算法局限性分析}{chapter.4}% 41
\BOOKMARK [1][-]{section.4.5}{4.5 本章小节}{chapter.4}% 42
\BOOKMARK [0][-]{chapter*.3}{Bibliography}{}% 43
