This is pdfTeX, Version 3.1415926-2.3-1.40.12 (MiKTeX 2.9) (preloaded format=pdflatex 2016.12.22)  29 MAR 2018 19:36
entering extended mode
**å­Ÿè“‰è“‰ç¡•å£«æ¯•ä¸šè®ºæ–‡.tex

("E:\Diploma Project\2015çº§ç¡•å£«\å­Ÿå°åˆ\Thesis\å­Ÿè“‰è“‰ç¡•å£«æ¯•ä¸šè®ºæ–‡
.tex"
LaTeX2e <2011/06/27>
Babel <v3.8m> and hyphenation patterns for loaded.
("E:\Diploma Project\2015çº§ç¡•å£«\å­Ÿå°åˆ\Thesis\CASthesis.cls"
Document Class: CASthesis 2011/04/06 v0.2 CASthesis document class
("C:\Program Files\CTEX\MiKTeX\tex\latex\ctex\ctexbook.cls"
Document Class: ctexbook 2011/03/11 v1.02c ctexbook document class
("C:\Program Files\CTEX\MiKTeX\tex\latex\ctex\opt\ctex-common-opts.def")
("C:\Program Files\CTEX\MiKTeX\tex\latex\ctex\opt\ctex-caption-opts.def"
\c@CTEX@sectiondepth=\count79
)
("C:\Program Files\CTEX\MiKTeX\tex\latex\ctex\opt\ctex-class-opts.def")
("C:\Program Files\CTEX\CTeX\tex\latex\ctex\cfg\ctexopts.cfg")
("C:\Program Files\CTEX\MiKTeX\tex\latex\ctex\def\ctex-loadclass.def"
("C:\Program Files\CTEX\MiKTeX\tex\latex\base\book.cls"
Document Class: book 2007/10/19 v1.4h Standard LaTeX document class
("C:\Program Files\CTEX\MiKTeX\tex\latex\base\bk12.clo"
File: bk12.clo 2007/10/19 v1.4h Standard LaTeX file (size option)
)
\c@part=\count80
\c@chapter=\count81
\c@section=\count82
\c@subsection=\count83
\c@subsubsection=\count84
\c@paragraph=\count85
\c@subparagraph=\count86
\c@figure=\count87
\c@table=\count88
\abovecaptionskip=\skip41
\belowcaptionskip=\skip42
\bibindent=\dimen102
))
("C:\Program Files\CTEX\MiKTeX\tex\latex\ctex\def\ctex-common.def"
("C:\Program Files\CTEX\MiKTeX\tex\latex\l3kernel\expl3.sty"
("C:\Program Files\CTEX\MiKTeX\tex\latex\l3kernel\l3names.sty"
("C:\Program Files\CTEX\MiKTeX\tex\latex\l3kernel\l3bootstrap.sty"
Package: l3bootstrap 2011/12/29 v3110 L3 Experimental bootstrap code
)
Package: l3names 2011/12/30 v3113 L3 Experimental namespace for primitives
)
("C:\Program Files\CTEX\MiKTeX\tex\latex\misc\etex.sty"
Package: etex 1998/03/26 v2.0 eTeX basic definition package (PEB)
\et@xins=\count89
)
Package: expl3 2012/02/26 v3471 L3 Experimental code bundle wrapper

("C:\Program Files\CTEX\MiKTeX\tex\latex\graphics\color.sty"
Package: color 2005/11/14 v1.0j Standard LaTeX Color (DPC)

("C:\Program Files\CTEX\MiKTeX\tex\latex\00miktex\color.cfg"
File: color.cfg 2007/01/18 v1.5 color configuration of teTeX/TeXLive
)
Package color Info: Driver file: pdftex.def on input line 130.

("C:\Program Files\CTEX\MiKTeX\tex\latex\pdftex-def\pdftex.def"
File: pdftex.def 2011/05/27 v0.06d Graphics/color for pdfTeX

("C:\Program Files\CTEX\MiKTeX\tex\generic\oberdiek\infwarerr.sty"
Package: infwarerr 2010/04/08 v1.3 Providing info/warning/message (HO)
)
("C:\Program Files\CTEX\MiKTeX\tex\generic\oberdiek\ltxcmds.sty"
Package: ltxcmds 2011/04/18 v1.20 LaTeX kernel commands for general use (HO)
)
\Gread@gobject=\count90
))
("C:\Program Files\CTEX\MiKTeX\tex\latex\graphics\graphics.sty"
Package: graphics 2009/02/05 v1.0o Standard LaTeX Graphics (DPC,SPQR)

("C:\Program Files\CTEX\MiKTeX\tex\latex\graphics\trig.sty"
Package: trig 1999/03/16 v1.09 sin cos tan (DPC)
)
("C:\Program Files\CTEX\MiKTeX\tex\latex\00miktex\graphics.cfg"
File: graphics.cfg 2007/01/18 v1.5 graphics configuration of teTeX/TeXLive
)
Package graphics Info: Driver file: pdftex.def on input line 91.
)
("C:\Program Files\CTEX\MiKTeX\tex\latex\l3kernel\l3basics.sty"
Package: l3basics 2012/02/26 v3460 L3 Experimental basic definitions
)
("C:\Program Files\CTEX\MiKTeX\tex\latex\l3kernel\l3expan.sty"
Package: l3expan 2012/02/26 v3460 L3 Experimental argument expansion
)
("C:\Program Files\CTEX\MiKTeX\tex\latex\l3kernel\l3tl.sty"
Package: l3tl 2012/02/26 v3460 L3 Experimental token lists
)
("C:\Program Files\CTEX\MiKTeX\tex\latex\l3kernel\l3seq.sty"
Package: l3seq 2012/01/09 v3158 L3 Experimental sequences and stacks
)
("C:\Program Files\CTEX\MiKTeX\tex\latex\l3kernel\l3int.sty"
Package: l3int 2012/02/26 v3460 L3 Experimental integers
\c_max_int=\count91
\l_tmpa_int=\count92
\l_tmpb_int=\count93
\l_tmpc_int=\count94
\g_tmpa_int=\count95
\g_tmpb_int=\count96
)
("C:\Program Files\CTEX\MiKTeX\tex\latex\l3kernel\l3quark.sty"
Package: l3quark 2012/02/12 v3384 L3 Experimental quarks
)
("C:\Program Files\CTEX\MiKTeX\tex\latex\l3kernel\l3prg.sty"
Package: l3prg 2012/02/26 v3464 L3 Experimental control structures
\g_prg_map_int=\count97
)
("C:\Program Files\CTEX\MiKTeX\tex\latex\l3kernel\l3clist.sty"
Package: l3clist 2012/02/26 v3460 L3 Experimental comma separated lists
)
("C:\Program Files\CTEX\MiKTeX\tex\latex\l3kernel\l3token.sty"
Package: l3token 2012/02/26 v3460 L3 Experimental token manipulation
)
("C:\Program Files\CTEX\MiKTeX\tex\latex\l3kernel\l3prop.sty"
Package: l3prop 2012/02/26 v3460 L3 Experimental property lists
)
("C:\Program Files\CTEX\MiKTeX\tex\latex\l3kernel\l3msg.sty"
Package: l3msg 2012/02/26 v3470 L3 Experimental messages
)
("C:\Program Files\CTEX\MiKTeX\tex\latex\l3kernel\l3file.sty"
Package: l3file 2012/02/26 v3464 L3 Experimental file and I/O operations
\l_iow_stream_int=\count98
\l_iow_line_length_int=\count99
\l_iow_target_length_int=\count100
\l_iow_current_line_int=\count101
\l_iow_current_word_int=\count102
\l_iow_current_indentation_int=\count103
)
("C:\Program Files\CTEX\MiKTeX\tex\latex\l3kernel\l3skip.sty"
Package: l3skip 2012/02/26 v3460 L3 Experimental dimensions and skips
\l_tmpa_dim=\dimen103
\l_tmpb_dim=\dimen104
\l_tmpc_dim=\dimen105
\g_tmpa_dim=\dimen106
\g_tmpb_dim=\dimen107
\l_tmpa_skip=\skip43
\l_tmpb_skip=\skip44
\l_tmpc_skip=\skip45
\g_tmpa_skip=\skip46
\g_tmpb_skip=\skip47
)
("C:\Program Files\CTEX\MiKTeX\tex\latex\l3kernel\l3keys.sty"
Package: l3keys 2011/12/22 v3086 L3 Experimental key-value interfaces
\g_keyval_level_int=\count104
\l_keys_choice_int=\count105
)
("C:\Program Files\CTEX\MiKTeX\tex\latex\l3kernel\l3fp.sty"
Package: l3fp 2012/02/06 v3315 L3 Experimental floating-point operations
\c_one_million=\count106
\c_one_hundred_million=\count107
\c_five_hundred_million=\count108
\c_one_thousand_million=\count109
\c_fp_pi_by_four_decimal_int=\count110
\c_fp_pi_by_four_extended_int=\count111
\c_fp_pi_decimal_int=\count112
\c_fp_pi_extended_int=\count113
\c_fp_two_pi_decimal_int=\count114
\c_fp_two_pi_extended_int=\count115
\l_fp_count_int=\count116
\l_fp_div_offset_int=\count117
\l_fp_exp_integer_int=\count118
\l_fp_exp_decimal_int=\count119
\l_fp_exp_extended_int=\count120
\l_fp_exp_exponent_int=\count121
\l_fp_input_a_sign_int=\count122
\l_fp_input_a_integer_int=\count123
\l_fp_input_a_decimal_int=\count124
\l_fp_input_a_exponent_int=\count125
\l_fp_input_b_sign_int=\count126
\l_fp_input_b_integer_int=\count127
\l_fp_input_b_decimal_int=\count128
\l_fp_input_b_exponent_int=\count129
\l_fp_input_a_extended_int=\count130
\l_fp_input_b_extended_int=\count131
\l_fp_mul_a_i_int=\count132
\l_fp_mul_a_ii_int=\count133
\l_fp_mul_a_iii_int=\count134
\l_fp_mul_a_iv_int=\count135
\l_fp_mul_a_v_int=\count136
\l_fp_mul_a_vi_int=\count137
\l_fp_mul_b_i_int=\count138
\l_fp_mul_b_ii_int=\count139
\l_fp_mul_b_iii_int=\count140
\l_fp_mul_b_iv_int=\count141
\l_fp_mul_b_v_int=\count142
\l_fp_mul_b_vi_int=\count143
\l_fp_mul_output_int=\count144
\l_fp_output_sign_int=\count145
\l_fp_output_integer_int=\count146
\l_fp_output_decimal_int=\count147
\l_fp_output_exponent_int=\count148
\l_fp_output_extended_int=\count149
\l_fp_round_position_int=\count150
\l_fp_round_target_int=\count151
\l_fp_split_sign_int=\count152
\l_fp_internal_int=\count153
\l_fp_trig_octant_int=\count154
\l_fp_trig_sign_int=\count155
\l_fp_trig_decimal_int=\count156
\l_fp_trig_extended_int=\count157
\l_fp_internal_dim=\dimen108
\l_fp_internal_skip=\skip48
)
("C:\Program Files\CTEX\MiKTeX\tex\latex\l3kernel\l3box.sty"
Package: l3box 2012/02/18 v3432 L3 Experimental boxes
\l_tmpb_box=\box26
\l_box_top_dim=\dimen109
\l_box_bottom_dim=\dimen110
\l_box_left_dim=\dimen111
\l_box_right_dim=\dimen112
\l_box_top_new_dim=\dimen113
\l_box_bottom_new_dim=\dimen114
\l_box_left_new_dim=\dimen115
\l_box_right_new_dim=\dimen116
\l_box_internal_box=\box27
)
("C:\Program Files\CTEX\MiKTeX\tex\latex\l3kernel\l3coffins.sty"
Package: l3coffins 2012/02/26 v3460 L3 Experimental coffin code layer
\l_coffin_internal_box=\box28
\l_coffin_internal_dim=\dimen117
\l_coffin_offset_x_dim=\dimen118
\l_coffin_offset_y_dim=\dimen119
\l_coffin_x_dim=\dimen120
\l_coffin_y_dim=\dimen121
\l_coffin_x_prime_dim=\dimen122
\l_coffin_y_prime_dim=\dimen123
\l_coffin_Depth_dim=\dimen124
\l_coffin_Height_dim=\dimen125
\l_coffin_TotalHeight_dim=\dimen126
\l_coffin_Width_dim=\dimen127
\c_empty_coffin=\box29
\l_coffin_aligned_coffin=\box30
\l_coffin_aligned_internal_coffin=\box31
\l_coffin_bounding_shift_dim=\dimen128
\l_coffin_left_corner_dim=\dimen129
\l_coffin_right_corner_dim=\dimen130
\l_coffin_bottom_corner_dim=\dimen131
\l_coffin_top_corner_dim=\dimen132
\l_coffin_scaled_total_height_dim=\dimen133
\l_coffin_scaled_width_dim=\dimen134
\l_coffin_display_coffin=\box32
\l_coffin_display_coord_coffin=\box33
\l_coffin_display_pole_coffin=\box34
\l_coffin_display_offset_dim=\dimen135
\l_coffin_display_x_dim=\dimen136
\l_coffin_display_y_dim=\dimen137
)
("C:\Program Files\CTEX\MiKTeX\tex\latex\l3kernel\l3color.sty"
Package: l3color 2011/09/07 v2776 L3 Experimental colour support
)
("C:\Program Files\CTEX\MiKTeX\tex\latex\l3kernel\l3luatex.sty"
Package: l3luatex 2012/02/09 v3355 L3 Experimental LuaTeX-specific functions
\g_cctab_allocate_int=\count158
\g_cctab_stack_int=\count159
))
("C:\Program Files\CTEX\MiKTeX\tex\latex\etoolbox\etoolbox.sty"
Package: etoolbox 2011/01/03 v2.1 e-TeX tools for LaTeX
\etb@tempcnta=\count160
)
("C:\Program Files\CTEX\MiKTeX\tex\generic\oberdiek\ifpdf.sty"
Package: ifpdf 2011/01/30 v2.3 Provides the ifpdf switch (HO)
Package ifpdf Info: pdfTeX in PDF mode is detected.
)
("C:\Program Files\CTEX\MiKTeX\tex\generic\ifxetex\ifxetex.sty"
Package: ifxetex 2010/09/12 v0.6 Provides ifxetex conditional
)
("C:\Program Files\CTEX\MiKTeX\tex\latex\graphics\keyval.sty"
Package: keyval 1999/03/16 v1.13 key=value parser (DPC)
\KV@toks@=\toks14
)
("C:\Program Files\CTEX\MiKTeX\tex\latex\tools\indentfirst.sty"
Package: indentfirst 1995/11/23 v1.03 Indent first paragraph (DPC)
)
("C:\Program Files\CTEX\MiKTeX\tex\latex\base\fix-cm.sty"
Package: fix-cm 2006/09/13 v1.1m fixes to LaTeX

("C:\Program Files\CTEX\MiKTeX\tex\latex\base\ts1enc.def"
File: ts1enc.def 2001/06/05 v3.0e (jk/car/fm) Standard LaTeX file
))
("C:\Program Files\CTEX\MiKTeX\tex\latex\fancyhdr\fancyhdr.sty"
\fancy@headwidth=\skip49
\f@ncyO@elh=\skip50
\f@ncyO@erh=\skip51
\f@ncyO@olh=\skip52
\f@ncyO@orh=\skip53
\f@ncyO@elf=\skip54
\f@ncyO@erf=\skip55
\f@ncyO@olf=\skip56
\f@ncyO@orf=\skip57
)
("C:\Program Files\CTEX\MiKTeX\tex\latex\ctex\engine\ctex-cjk-engine.def"
("C:\Program Files\CTEX\MiKTeX\tex\latex\cjk\CJK.sty"
Package: CJK 2008/12/29 4.8.2

("C:\Program Files\CTEX\MiKTeX\tex\latex\cjk\mule\MULEenc.sty"
Package: MULEenc 2008/12/29 4.8.2
)
("C:\Program Files\CTEX\MiKTeX\tex\latex\cjk\CJK.enc"
File: CJK.enc 2008/12/29 4.8.2
)
LaTeX Info: Redefining \selectfont on input line 756.
\CJK@indent=\box35
)
("C:\Program Files\CTEX\CTeX\tex\latex\CJKpunct\CJKpunct.sty"
Package: CJKpunct 2010/02/21 4.8.2-2
\CJKpunct@cnta=\count161
\CJKpunct@cntb=\count162
\CJKpunct@cntc=\count163
\CJKpunct@cntd=\count164
\CJKpunct@cnte=\count165

("C:\Program Files\CTEX\CTeX\tex\latex\CJKpunct\CJKpunct.spa"))
("C:\Program Files\CTEX\MiKTeX\tex\latex\ctex\engine\ctex-cjk-common.def"
("C:\Program Files\CTEX\CTeX\tex\latex\CJK\CJKfntef.sty"
Package: CJKfntef 2008/12/29 4.8.2

("C:\Program Files\CTEX\MiKTeX\tex\latex\cjk\CJKulem.sty"
Package: CJKulem 2008/12/29 4.8.2

("C:\Program Files\CTEX\MiKTeX\tex\latex\ulem\ulem.sty"
\UL@box=\box36
\UL@hyphenbox=\box37
\UL@skip=\skip58
\UL@hook=\toks15
\UL@height=\dimen138
\UL@pe=\count166
\UL@pixel=\dimen139
\ULC@box=\box38
Package: ulem 2011/03/18
\ULdepth=\dimen140
)
\UL@lastkern=\dimen141
\CJK@skip=\skip59
)
\CJK@fntefSkip=\skip60
\CJK@nest=\count167
\CJK@fntefDimen=\dimen142
\CJK@underdotBox=\box39
\CJK@ULbox=\box40
\CJK@underanyskip=\dimen143
)
\ccwd=\dimen144
)
("C:\Program Files\CTEX\MiKTeX\tex\latex\ctex\fontset\ctex-cjk-winfonts.def"
("C:\Program Files\CTEX\MiKTeX\tex\generic\zhmetrics\zhwinfonts.tex"
("C:\Program Files\CTEX\MiKTeX\tex\generic\oberdiek\ifpdf.sty"
Package ifpdf Info: The package is already loaded, stopped on input line 64.
){C:/Program Files/CTEX/UserData/pdftex/config/pdftex.map{Unicode.sfd}{UGBK.sfd
}})))
\CTEX@q=\count168
\CTEX@r=\count169
)
("C:\Program Files\CTEX\MiKTeX\tex\latex\ctex\def\ctex-caption.def")
("C:\Program Files\CTEX\MiKTeX\tex\latex\ctex\def\ctex-class.def")
("C:\Program Files\CTEX\MiKTeX\tex\latex\ctex\def\ctex-book.def"))
("C:\Program Files\CTEX\MiKTeX\tex\latex\ctex\def\ctex-gbk.def")
("C:\Program Files\CTEX\MiKTeX\tex\latex\ctex\cfg\ctexcap.cfg"
("C:\Program Files\CTEX\MiKTeX\tex\latex\ctex\cfg\ctexcap-gbk.cfg"))
("C:\Program Files\CTEX\MiKTeX\tex\latex\ctex\cfg\ctex.cfg")
("C:\Program Files\CTEX\MiKTeX\tex\latex\ams\math\amsmath.sty"
Package: amsmath 2000/07/18 v2.13 AMS math features
\@mathmargin=\skip61

For additional information on amsmath, use the `?' option.
("C:\Program Files\CTEX\MiKTeX\tex\latex\ams\math\amstext.sty"
Package: amstext 2000/06/29 v2.01

("C:\Program Files\CTEX\MiKTeX\tex\latex\ams\math\amsgen.sty"
File: amsgen.sty 1999/11/30 v2.0
\@emptytoks=\toks16
\ex@=\dimen145
))
("C:\Program Files\CTEX\MiKTeX\tex\latex\ams\math\amsbsy.sty"
Package: amsbsy 1999/11/29 v1.2d
\pmbraise@=\dimen146
)
("C:\Program Files\CTEX\MiKTeX\tex\latex\ams\math\amsopn.sty"
Package: amsopn 1999/12/14 v2.01 operator names
)
\inf@bad=\count170
LaTeX Info: Redefining \frac on input line 211.
\uproot@=\count171
\leftroot@=\count172
LaTeX Info: Redefining \overline on input line 307.
\classnum@=\count173
\DOTSCASE@=\count174
LaTeX Info: Redefining \ldots on input line 379.
LaTeX Info: Redefining \dots on input line 382.
LaTeX Info: Redefining \cdots on input line 467.
\Mathstrutbox@=\box41
\strutbox@=\box42
\big@size=\dimen147
LaTeX Font Info:    Redeclaring font encoding OML on input line 567.
LaTeX Font Info:    Redeclaring font encoding OMS on input line 568.
\macc@depth=\count175
\c@MaxMatrixCols=\count176
\dotsspace@=\muskip10
\c@parentequation=\count177
\dspbrk@lvl=\count178
\tag@help=\toks17
\row@=\count179
\column@=\count180
\maxfields@=\count181
\andhelp@=\toks18
\eqnshift@=\dimen148
\alignsep@=\dimen149
\tagshift@=\dimen150
\tagwidth@=\dimen151
\totwidth@=\dimen152
\lineht@=\dimen153
\@envbody=\toks19
\multlinegap=\skip62
\multlinetaggap=\skip63
\mathdisplay@stack=\toks20
LaTeX Info: Redefining \[ on input line 2666.
LaTeX Info: Redefining \] on input line 2667.
)
("C:\Program Files\CTEX\MiKTeX\tex\latex\ams\classes\amsthm.sty"
Package: amsthm 2004/08/06 v2.20
\thm@style=\toks21
\thm@bodyfont=\toks22
\thm@headfont=\toks23
\thm@notefont=\toks24
\thm@headpunct=\toks25
\thm@preskip=\skip64
\thm@postskip=\skip65
\thm@headsep=\skip66
\dth@everypar=\toks26
)
("C:\Program Files\CTEX\MiKTeX\tex\latex\amsfonts\amsfonts.sty"
Package: amsfonts 2009/06/22 v3.00 Basic AMSFonts support
\symAMSa=\mathgroup4
\symAMSb=\mathgroup5
LaTeX Font Info:    Overwriting math alphabet `\mathfrak' in version `bold'
(Font)                  U/euf/m/n --> U/euf/b/n on input line 96.
)
("C:\Program Files\CTEX\MiKTeX\tex\latex\amsfonts\amssymb.sty"
Package: amssymb 2009/06/22 v3.00
)
("C:\Program Files\CTEX\MiKTeX\tex\latex\tools\bm.sty"
Package: bm 2004/02/26 v1.1c Bold Symbol Support (DPC/FMi)
\symboldoperators=\mathgroup6
\symboldletters=\mathgroup7
\symboldsymbols=\mathgroup8
LaTeX Font Info:    Redeclaring math alphabet \mathbf on input line 138.
LaTeX Info: Redefining \bm on input line 204.
)
("C:\Program Files\CTEX\MiKTeX\tex\latex\graphics\graphicx.sty"
Package: graphicx 1999/02/16 v1.0f Enhanced LaTeX Graphics (DPC,SPQR)
\Gin@req@height=\dimen154
\Gin@req@width=\dimen155
)
("C:\Program Files\CTEX\MiKTeX\tex\latex\natbib\natbib.sty"
Package: natbib 2010/09/13 8.31b (PWD, AO)
\bibhang=\skip67
\bibsep=\skip68
LaTeX Info: Redefining \cite on input line 694.
\c@NAT@ctr=\count182
)
("C:\Program Files\CTEX\MiKTeX\tex\latex\hyperref\hyperref.sty"
Package: hyperref 2012/02/06 v6.82o Hypertext links for LaTeX

("C:\Program Files\CTEX\MiKTeX\tex\generic\oberdiek\hobsub-hyperref.sty"
Package: hobsub-hyperref 2011/04/23 v1.4 Bundle oberdiek, subset hyperref (HO)

("C:\Program Files\CTEX\MiKTeX\tex\generic\oberdiek\hobsub-generic.sty"
Package: hobsub-generic 2011/04/23 v1.4 Bundle oberdiek, subset generic (HO)
Package: hobsub 2011/04/23 v1.4 Subsetting bundle oberdiek (HO)
Package hobsub Info: Skipping package `infwarerr' (already loaded).
Package hobsub Info: Skipping package `ltxcmds' (already loaded).
Package: ifluatex 2010/03/01 v1.3 Provides the ifluatex switch (HO)
Package ifluatex Info: LuaTeX not detected.
Package: ifvtex 2010/03/01 v1.5 Switches for detecting VTeX and its modes (HO)
Package ifvtex Info: VTeX not detected.
Package: intcalc 2007/09/27 v1.1 Expandable integer calculations (HO)
Package hobsub Info: Skipping package `ifpdf' (already loaded).
Package: etexcmds 2011/02/16 v1.5 Prefix for e-TeX command names (HO)
Package etexcmds Info: Could not find \expanded.
(etexcmds)             That can mean that you are not using pdfTeX 1.50 or
(etexcmds)             that some package has redefined \expanded.
(etexcmds)             In the latter case, load this package earlier.
Package: kvsetkeys 2011/04/07 v1.13 Key value parser (HO)
Package: kvdefinekeys 2011/04/07 v1.3 Defining keys (HO)
Package: pdftexcmds 2011/04/22 v0.16 Utilities of pdfTeX for LuaTeX (HO)
Package pdftexcmds Info: LuaTeX not detected.
Package pdftexcmds Info: \pdf@primitive is available.
Package pdftexcmds Info: \pdf@ifprimitive is available.
Package pdftexcmds Info: \pdfdraftmode found.
Package: pdfescape 2011/04/04 v1.12 Provides string conversions (HO)
Package: bigintcalc 2011/01/30 v1.2 Expandable big integer calculations (HO)
Package: bitset 2011/01/30 v1.1 Data type bit set (HO)
Package: uniquecounter 2011/01/30 v1.2 Provides unlimited unique counter (HO)
)
Package hobsub Info: Skipping package `hobsub' (already loaded).
Package: letltxmacro 2010/09/02 v1.4 Let assignment for LaTeX macros (HO)
Package: hopatch 2011/01/30 v1.0 Wrapper for package hooks (HO)
Package: xcolor-patch 2011/01/30 xcolor patch
Package: atveryend 2011/04/23 v1.7 Hooks at very end of document (HO)
Package: atbegshi 2011/01/30 v1.15 At begin shipout hook (HO)
Package: refcount 2010/12/01 v3.2 Data extraction from references (HO)
Package: hycolor 2011/01/30 v1.7 Color options of hyperref/bookmark (HO)
)
("C:\Program Files\CTEX\MiKTeX\tex\latex\oberdiek\kvoptions.sty"
Package: kvoptions 2010/12/23 v3.10 Keyval support for LaTeX options (HO)
)
\@linkdim=\dimen156
\Hy@linkcounter=\count183
\Hy@pagecounter=\count184

("C:\Program Files\CTEX\MiKTeX\tex\latex\hyperref\pd1enc.def"
File: pd1enc.def 2012/02/06 v6.82o Hyperref: PDFDocEncoding definition (HO)
)
\Hy@SavedSpaceFactor=\count185

("C:\Program Files\CTEX\MiKTeX\tex\latex\00miktex\hyperref.cfg"
File: hyperref.cfg 2002/06/06 v1.2 hyperref configuration of TeXLive
)
Package hyperref Info: Hyper figures OFF on input line 4046.
Package hyperref Info: Link nesting OFF on input line 4051.
Package hyperref Info: Hyper index ON on input line 4054.
Package hyperref Info: Plain pages OFF on input line 4061.
Package hyperref Info: Backreferencing OFF on input line 4066.
Package hyperref Info: Implicit mode ON; LaTeX internals redefined.
Package hyperref Info: Bookmarks ON on input line 4284.
\c@Hy@tempcnt=\count186

("C:\Program Files\CTEX\MiKTeX\tex\latex\ltxmisc\url.sty"
\Urlmuskip=\muskip11
Package: url 2006/04/12  ver 3.3  Verb mode for urls, etc.
)
LaTeX Info: Redefining \url on input line 4637.
\Fld@menulength=\count187
\Field@Width=\dimen157
\Fld@charsize=\dimen158
Package hyperref Info: Hyper figures OFF on input line 5757.
Package hyperref Info: Link nesting OFF on input line 5762.
Package hyperref Info: Hyper index ON on input line 5765.
Package hyperref Info: backreferencing OFF on input line 5772.
Package hyperref Info: Link coloring OFF on input line 5777.
Package hyperref Info: Link coloring with OCG OFF on input line 5782.
Package hyperref Info: PDF/A mode OFF on input line 5787.
LaTeX Info: Redefining \ref on input line 5827.
LaTeX Info: Redefining \pageref on input line 5831.
\Hy@abspage=\count188
\c@Item=\count189
\c@Hfootnote=\count190
)

Package hyperref Message: Driver: hpdftex.

("C:\Program Files\CTEX\MiKTeX\tex\latex\hyperref\hpdftex.def"
File: hpdftex.def 2012/02/06 v6.82o Hyperref driver for pdfTeX
\Fld@listcount=\count191
\c@bookmark@seq@number=\count192

("C:\Program Files\CTEX\MiKTeX\tex\latex\oberdiek\rerunfilecheck.sty"
Package: rerunfilecheck 2011/04/15 v1.7 Rerun checks for auxiliary files (HO)
Package uniquecounter Info: New unique counter `rerunfilecheck' on input line 2
82.
)
\Hy@SectionHShift=\skip69
)
Package hyperref Info: Option `CJKbookmarks' set `true' on input line 97.
Package hyperref Info: Option `bookmarksnumbered' set `true' on input line 97.
Package hyperref Info: Option `colorlinks' set `true' on input line 97.
Package hyperref Info: Option `plainpages' set `false' on input line 97.
)
("E:\Diploma Project\2015çº§ç¡•å£«\å­Ÿå°åˆ\Thesis\CASthesis.cfg"
File: CASthesis.cfg 2011/04/06 v0.2 CASthesis configuration file
\c@algo=\count193
\c@thm=\count194
\c@defn=\count195
\c@conj=\count196
\c@exmp=\count197
\c@rem=\count198
\c@case=\count199
)
("C:\Program Files\CTEX\MiKTeX\tex\latex\multirow\multirow.sty"
\bigstrutjot=\dimen159
)
("C:\Program Files\CTEX\MiKTeX\tex\latex\tools\array.sty"
Package: array 2008/09/09 v2.4c Tabular extension package (FMi)
\col@sep=\dimen160
\extrarowheight=\dimen161
\NC@list=\toks27
\extratabsurround=\skip70
\backup@length=\skip71
)
("C:\Program Files\CTEX\MiKTeX\tex\latex\subfigure\subfigure.sty"
Package: subfigure 2002/07/30 v2.1.4 subfigure package
\subfigtopskip=\skip72
\subfigcapskip=\skip73
\subfigcaptopadj=\dimen162
\subfigbottomskip=\skip74
\subfigcapmargin=\dimen163
\subfiglabelskip=\skip75
\c@subfigure=\count200
\c@lofdepth=\count201
Normal \count register pool exhausted, switching to extended pool.
\c@subtable=\count277
\c@lotdepth=\count278

****************************************
* Local config file subfigure.cfg used *
****************************************
("C:\Program Files\CTEX\MiKTeX\tex\latex\subfigure\subfigure.cfg")
\subfig@top=\skip76
\subfig@bottom=\skip77
)
("E:\Diploma Project\2015çº§ç¡•å£«\ReviewCommand.sty"
("C:\Program Files\CTEX\MiKTeX\tex\latex\tools\enumerate.sty"
Package: enumerate 1999/03/05 v3.00 enumerate extensions (DPC)
\@enLab=\toks28
)
\c@fixme_id=\count279
\c@attenion_id=\count280
\c@warning_id=\count281
)
("C:\Program Files\CTEX\MiKTeX\tex\generic\babel\babel.sty"
Package: babel 2008/07/08 v3.8m The Babel package

*************************************
* Local config file bblopts.cfg used
*
("C:\Program Files\CTEX\MiKTeX\tex\latex\00miktex\bblopts.cfg"
File: bblopts.cfg 2006/07/31 v1.0 MiKTeX 'babel' configuration
)
("C:\Program Files\CTEX\MiKTeX\tex\generic\babel\english.ldf"
Language: english 2005/03/30 v3.3o English support from the babel system

("C:\Program Files\CTEX\MiKTeX\tex\generic\babel\babel.def"
File: babel.def 2008/07/08 v3.8m Babel common definitions
\babel@savecnt=\count282
\U@D=\dimen164
)
\l@british = a dialect from \language0
\l@UKenglish = a dialect from \language0
\l@american = a dialect from \language0
\l@canadian = a dialect from \language\l@american 
\l@australian = a dialect from \language\l@british 
\l@newzealand = a dialect from \language\l@british 
))
("E:\Diploma Project\2015çº§ç¡•å£«\å­Ÿå°åˆ\Thesis\å­Ÿè“‰è“‰ç¡•å£«æ¯•ä¸šè®ºæ–‡
.aux" ("E:\Diploma Project\2015çº§ç¡•å£«\å­Ÿå°åˆ\Thesis\chapter/Abstract.aux"
) ("E:\Diploma Project\2015çº§ç¡•å£«\å­Ÿå°åˆ\Thesis\chapter/Chapter-01.aux")
("E:\Diploma Project\2015çº§ç¡•å£«\å­Ÿå°åˆ\Thesis\chapter/Chapter-02.aux")
("E:\Diploma Project\2015çº§ç¡•å£«\å­Ÿå°åˆ\Thesis\chapter/Chapter-03.aux")
("E:\Diploma Project\2015çº§ç¡•å£«\å­Ÿå°åˆ\Thesis\chapter/Chapter-04.aux"))
LaTeX Font Info:    Checking defaults for OML/cmm/m/it on input line 52.
LaTeX Font Info:    ... okay on input line 52.
LaTeX Font Info:    Checking defaults for T1/cmr/m/n on input line 52.
LaTeX Font Info:    ... okay on input line 52.
LaTeX Font Info:    Checking defaults for OT1/cmr/m/n on input line 52.
LaTeX Font Info:    ... okay on input line 52.
LaTeX Font Info:    Checking defaults for OMS/cmsy/m/n on input line 52.
LaTeX Font Info:    ... okay on input line 52.
LaTeX Font Info:    Checking defaults for OMX/cmex/m/n on input line 52.
LaTeX Font Info:    ... okay on input line 52.
LaTeX Font Info:    Checking defaults for U/cmr/m/n on input line 52.
LaTeX Font Info:    ... okay on input line 52.
LaTeX Font Info:    Checking defaults for TS1/cmr/m/n on input line 52.
LaTeX Font Info:    ... okay on input line 52.
LaTeX Font Info:    Checking defaults for C00/song/m/n on input line 52.
LaTeX Font Info:    ... okay on input line 52.
LaTeX Font Info:    Checking defaults for C05/song/m/n on input line 52.
LaTeX Font Info:    ... okay on input line 52.
LaTeX Font Info:    Checking defaults for C09/song/m/n on input line 52.
LaTeX Font Info:    ... okay on input line 52.
LaTeX Font Info:    Checking defaults for C10/song/m/n on input line 52.
LaTeX Font Info:    ... okay on input line 52.
LaTeX Font Info:    Checking defaults for C20/song/m/n on input line 52.
LaTeX Font Info:    ... okay on input line 52.
LaTeX Font Info:    Checking defaults for C19/song/m/n on input line 52.
LaTeX Font Info:    ... okay on input line 52.
LaTeX Font Info:    Checking defaults for C40/song/m/n on input line 52.
LaTeX Font Info:    ... okay on input line 52.
LaTeX Font Info:    Checking defaults for C42/song/m/n on input line 52.
LaTeX Font Info:    ... okay on input line 52.
LaTeX Font Info:    Checking defaults for C43/song/m/n on input line 52.
LaTeX Font Info:    ... okay on input line 52.
LaTeX Font Info:    Checking defaults for C50/song/m/n on input line 52.
LaTeX Font Info:    ... okay on input line 52.
LaTeX Font Info:    Checking defaults for C52/song/m/n on input line 52.
LaTeX Font Info:    ... okay on input line 52.
LaTeX Font Info:    Checking defaults for C49/song/m/n on input line 52.
LaTeX Font Info:    ... okay on input line 52.
LaTeX Font Info:    Checking defaults for C60/mj/m/n on input line 52.
LaTeX Font Info:    ... okay on input line 52.
LaTeX Font Info:    Checking defaults for C61/mj/m/n on input line 52.
LaTeX Font Info:    ... okay on input line 52.
LaTeX Font Info:    Checking defaults for C63/mj/m/n on input line 52.
LaTeX Font Info:    ... okay on input line 52.
LaTeX Font Info:    Checking defaults for C64/mj/m/n on input line 52.
LaTeX Font Info:    ... okay on input line 52.
LaTeX Font Info:    Checking defaults for C65/mj/m/n on input line 52.
LaTeX Font Info:    ... okay on input line 52.
LaTeX Font Info:    Checking defaults for C70/song/m/n on input line 52.
LaTeX Font Info:    ... okay on input line 52.
LaTeX Font Info:    Checking defaults for C31/song/m/n on input line 52.
LaTeX Font Info:    ... okay on input line 52.
LaTeX Font Info:    Checking defaults for C32/song/m/n on input line 52.
LaTeX Font Info:    ... okay on input line 52.
LaTeX Font Info:    Checking defaults for C33/song/m/n on input line 52.
LaTeX Font Info:    ... okay on input line 52.
LaTeX Font Info:    Checking defaults for C34/song/m/n on input line 52.
LaTeX Font Info:    ... okay on input line 52.
LaTeX Font Info:    Checking defaults for C35/song/m/n on input line 52.
LaTeX Font Info:    ... okay on input line 52.
LaTeX Font Info:    Checking defaults for C36/song/m/n on input line 52.
LaTeX Font Info:    ... okay on input line 52.
LaTeX Font Info:    Checking defaults for C37/song/m/n on input line 52.
LaTeX Font Info:    ... okay on input line 52.
LaTeX Font Info:    Checking defaults for C80/song/m/n on input line 52.
LaTeX Font Info:    ... okay on input line 52.
LaTeX Font Info:    Checking defaults for C81/song/m/n on input line 52.
LaTeX Font Info:    ... okay on input line 52.
LaTeX Font Info:    Checking defaults for C01/song/m/n on input line 52.
LaTeX Font Info:    ... okay on input line 52.
LaTeX Font Info:    Checking defaults for C11/song/m/n on input line 52.
LaTeX Font Info:    ... okay on input line 52.
LaTeX Font Info:    Checking defaults for C21/song/m/n on input line 52.
LaTeX Font Info:    ... okay on input line 52.
LaTeX Font Info:    Checking defaults for C41/song/m/n on input line 52.
LaTeX Font Info:    ... okay on input line 52.
LaTeX Font Info:    Checking defaults for C62/song/m/n on input line 52.
LaTeX Font Info:    ... okay on input line 52.
LaTeX Font Info:    Checking defaults for PD1/pdf/m/n on input line 52.
LaTeX Font Info:    ... okay on input line 52.

("C:\Program Files\CTEX\MiKTeX\tex\context\base\supp-pdf.mkii"
[Loading MPS to PDF converter (version 2006.09.02).]
\scratchcounter=\count283
\scratchdimen=\dimen165
\scratchbox=\box43
\nofMPsegments=\count284
\nofMParguments=\count285
\everyMPshowfont=\toks29
\MPscratchCnt=\count286
\MPscratchDim=\dimen166
\MPnumerator=\count287
\makeMPintoPDFobject=\count288
\everyMPtoPDFconversion=\toks30
)
\AtBeginShipoutBox=\box44
Package hyperref Info: Link coloring ON on input line 52.
 ("C:\Program Files\CTEX\MiKTeX\tex\latex\hyperref\nameref.sty"
Package: nameref 2010/04/30 v2.40 Cross-referencing by name of section

("C:\Program Files\CTEX\MiKTeX\tex\generic\oberdiek\gettitlestring.sty"
Package: gettitlestring 2010/12/03 v1.4 Cleanup title references (HO)
)
\c@section@level=\count289
)
LaTeX Info: Redefining \ref on input line 52.
LaTeX Info: Redefining \pageref on input line 52.
LaTeX Info: Redefining \nameref on input line 52.

("E:\Diploma Project\2015çº§ç¡•å£«\å­Ÿå°åˆ\Thesis\å­Ÿè“‰è“‰ç¡•å£«æ¯•ä¸šè®ºæ–‡
.out")
("E:\Diploma Project\2015çº§ç¡•å£«\å­Ÿå°åˆ\Thesis\å­Ÿè“‰è“‰ç¡•å£«æ¯•ä¸šè®ºæ–‡
.out")
\@outlinefile=\write3
 ("C:\Program Files\CTEX\MiKTeX\tex\latex\cjk\standard.bdg"
File: standard.bdg 2008/12/29 4.8.2
)
("C:\Program Files\CTEX\MiKTeX\tex\latex\cjk\extended.enc"
File: extended.enc 2008/12/29 4.8.2
)
("C:\Program Files\CTEX\MiKTeX\tex\latex\cjk\extended.chr"
File: extended.chr 2008/12/29 4.8.2
)
LaTeX Font Info:    Try loading font information for C19+zhsong on input line 6
7.

("C:\Program Files\CTEX\MiKTeX\tex\latex\zhmetrics\c19zhsong.fd"
File: c19zhsong.fd 2009/09/23 4.8.2
)
Package CJKpunct Info: punctuation spaces for family 'zhsong' do not exist. Use
 family 'def' instead. on input line 67.
LaTeX Font Info:    Try loading font information for C19+zhhei on input line 67
.

("C:\Program Files\CTEX\MiKTeX\tex\latex\zhmetrics\c19zhhei.fd"
File: c19zhhei.fd 2009/09/23 4.8.2
)
LaTeX Font Info:    Try loading font information for C19+zhkai on input line 67
.

("C:\Program Files\CTEX\MiKTeX\tex\latex\zhmetrics\c19zhkai.fd"
File: c19zhkai.fd 2009/09/23 4.8.2
)
<figures/HIVE_LOG.png, id=175, 650.43pt x 650.43pt>
File: figures/HIVE_LOG.png Graphic file (type png)
 <use figures/HIVE_LOG.png>
Package pdftex.def Info: figures/HIVE_LOG.png used on input line 67.
(pdftex.def)             Requested size: 206.28247pt x 206.27599pt.

[1


 <E:/Diploma Project/2015çº§ç¡•å£«/å­Ÿå°åˆ/Thesis/figures/HIVE_LOG.png>]
[2


] ("E:\Diploma Project\2015çº§ç¡•å£«\å­Ÿå°åˆ\Thesis\chapter/Abstract.tex"

Package hyperref Warning: Token not allowed in a PDF string (PDFDocEncoding):
(hyperref)                \hskip 12.05pt
(hyperref)                replaced by space on input line 1.


Package hyperref Warning: Token not allowed in a PDF string (PDFDocEncoding):
(hyperref)                \hskip 12.05pt
(hyperref)                replaced by space on input line 1.

LaTeX Font Info:    Try loading font information for C19+rm on input line 1.
("C:\Program Files\CTEX\MiKTeX\tex\latex\ctex\fd\c19rm.fd"
File: c19rm.fd 2007/05/06 v0.8a ctex font definition file
)) [1


] [2


]
("E:\Diploma Project\2015çº§ç¡•å£«\å­Ÿå°åˆ\Thesis\å­Ÿè“‰è“‰ç¡•å£«æ¯•ä¸šè®ºæ–‡
.toc"
LaTeX Font Info:    Try loading font information for U+msa on input line 3.
 ("C:\Program Files\CTEX\MiKTeX\tex\latex\amsfonts\umsa.fd"
File: umsa.fd 2009/06/22 v3.00 AMS symbols A
)
LaTeX Font Info:    Try loading font information for U+msb on input line 3.

("C:\Program Files\CTEX\MiKTeX\tex\latex\amsfonts\umsb.fd"
File: umsb.fd 2009/06/22 v3.00 AMS symbols B
) [3])
\tf@toc=\write4
 [4]
("E:\Diploma Project\2015çº§ç¡•å£«\å­Ÿå°åˆ\Thesis\chapter/Chapter-01.tex"
µÚÒ»ÕÂ
<figures/Frostbite_Engine_1.png, id=303, 1261.71375pt x 673.76718pt>
File: figures/Frostbite_Engine_1.png Graphic file (type png)

<use figures/Frostbite_Engine_1.png>
Package pdftex.def Info: figures/Frostbite_Engine_1.png used on input line 15.
(pdftex.def)             Requested size: 185.64874pt x 99.58026pt.

<figures/Frostbite_Engine_2.png, id=304, 2004.73969pt x 1119.43219pt>
File: figures/Frostbite_Engine_2.png Graphic file (type png)

<use figures/Frostbite_Engine_2.png>
Package pdftex.def Info: figures/Frostbite_Engine_2.png used on input line 17.
(pdftex.def)             Requested size: 185.64964pt x 99.58302pt.

<figures/Unreal_1.png, id=305, 1606.0pt x 884.30376pt>
File: figures/Unreal_1.png Graphic file (type png)

<use figures/Unreal_1.png>
Package pdftex.def Info: figures/Unreal_1.png used on input line 19.
(pdftex.def)             Requested size: 185.65408pt x 99.58107pt.

<figures/Unreal_2.png, id=306, 1445.4pt x 813.0375pt>
File: figures/Unreal_2.png Graphic file (type png)

<use figures/Unreal_2.png>
Package pdftex.def Info: figures/Unreal_2.png used on input line 21.
(pdftex.def)             Requested size: 185.63693pt x 99.58246pt.
pdfTeX warning (ext4): destination with the same identifier (name{page.1}) has 
been already used, duplicate ignored
<to be read again> 
                   \relax 
l.31 
      [1



]
Underfull \vbox (badness 3138) has occurred while \output is active []

pdfTeX warning (ext4): destination with the same identifier (name{page.2}) has 
been already used, duplicate ignored
<to be read again> 
                   \relax 
l.41 \subsection
                {Ìå»ıÎí} [2 <E:/Diploma Project/2015çº§ç¡•å£«/å­Ÿå°åˆ/Thesis/
figures/Frostbite_Engine_1.png> <E:/Diploma Project/2015çº§ç¡•å£«/å­Ÿå°åˆ/The
sis/figures/Frostbite_Engine_2.png> <E:/Diploma Project/2015çº§ç¡•å£«/å­Ÿå°åˆ
/Thesis/figures/Unreal_1.png> <E:/Diploma Project/2015çº§ç¡•å£«/å­Ÿå°åˆ/Thesi
s/figures/Unreal_2.png>] [3]
LaTeX Font Info:    Try loading font information for OMS+cmr on input line 50.

("C:\Program Files\CTEX\MiKTeX\tex\latex\base\omscmr.fd"
File: omscmr.fd 1999/05/25 v2.5h Standard LaTeX font definitions
)
LaTeX Font Info:    Font shape `OMS/cmr/m/n' in size <12.05> not available
(Font)              Font shape `OMS/cmsy/m/n' tried instead on input line 50.

<figures/Billboard.png, id=350, 1757.56625pt x 849.1725pt>
File: figures/Billboard.png Graphic file (type png)

<use figures/Billboard.png>
Package pdftex.def Info: figures/Billboard.png used on input line 62.
(pdftex.def)             Requested size: 391.92215pt x 170.71259pt.

<figures/RBlur.png, id=353, 1546.77875pt x 855.195pt>
File: figures/RBlur.png Graphic file (type png)
 <use figures/RBlur.png>
Package pdftex.def Info: figures/RBlur.png used on input line 71.
(pdftex.def)             Requested size: 288.793pt x 170.70973pt.

[4] [5 <E:/Diploma Project/2015çº§ç¡•å£«/å­Ÿå°åˆ/Thesis/figures/Billboard.png
>] [6 <E:/Diploma Project/2015çº§ç¡•å£«/å­Ÿå°åˆ/Thesis/figures/RBlur.png>])
[7] ("E:\Diploma Project\2015çº§ç¡•å£«\å­Ÿå°åˆ\Thesis\chapter/Chapter-02.tex"
[8



]
µÚ¶şÕÂ

Package natbib Warning: Citation `dorsey1995radiosity' on page 9 undefined on i
nput line 5.


Package natbib Warning: Citation `kajiya1986rendering' on page 9 undefined on i
nput line 11.

[9] <figures/light_trans.png, id=417, 767.11594pt x 386.19281pt>
File: figures/light_trans.png Graphic file (type png)

<use figures/light_trans.png>
Package pdftex.def Info: figures/light_trans.png used on input line 30.
(pdftex.def)             Requested size: 288.7942pt x 145.38765pt.

<figures/Scattering.png, id=421, 1455.4375pt x 778.91pt>
File: figures/Scattering.png Graphic file (type png)

<use figures/Scattering.png>
Package pdftex.def Info: figures/Scattering.png used on input line 51.
(pdftex.def)             Requested size: 288.7942pt x 154.55507pt.
 [10 <E:/Diploma Project/2015çº§ç¡•å£«/å­Ÿå°åˆ/Thesis/figures/light_trans.png
>] [11 <E:/Diploma Project/2015çº§ç¡•å£«/å­Ÿå°åˆ/Thesis/figures/Scattering.pn
g (PNG copy)>]
<figures/pic_integrate.png, id=443, 1279.78125pt x 702.625pt>
File: figures/pic_integrate.png Graphic file (type png)

<use figures/pic_integrate.png>
Package pdftex.def Info: figures/pic_integrate.png used on input line 77.
(pdftex.def)             Requested size: 288.7942pt x 158.55553pt.
 [12 <E:/Diploma Project/2015çº§ç¡•å£«/å­Ÿå°åˆ/Thesis/figures/pic_integrate.p
ng (PNG copy)>]
Overfull \hbox (114.441pt too wide) in alignment at lines 93--97
 [][][] []
 []

Package CJKpunct Info: punctuation spaces for family 'zhhei' do not exist. Use 
family 'def' instead. on input line 113.
[13] <figures/gfactor.png, id=474, 1113.15875pt x 899.36pt>
File: figures/gfactor.png Graphic file (type png)

<use figures/gfactor.png>
Package pdftex.def Info: figures/gfactor.png used on input line 123.
(pdftex.def)             Requested size: 288.7942pt x 233.32033pt.
 [14 <E:/Diploma Project/2015çº§ç¡•å£«/å­Ÿå°åˆ/Thesis/figures/gfactor.png>]
Overfull \hbox (6.05104pt too wide) in paragraph at lines 152--154
[]\C19/rm/m/n/12.05/63 3 \C19/rm/m/n/12.05/45 O \C19/rm/m/n/12.05/56  \C19/rm/
m/n/12.05/51 S \C19/rm/m/n/12.05/54 Ñ \C19/rm/m/n/12.05/55  \C19/rm/m/n/12.05/
43 1 \C19/rm/m/n/12.05/59 ‚ \C19/rm/m/n/12.05/40  \C19/rm/m/n/12.05/37 Ú \C19/
rm/m/n/12.05/64 ½ ¥|\C19/rm/m/n/12.05/26 §| \C19/rm/m/n/12.05/58 · \C19/rm/m/n/
12.05/50 ‚ \C19/rm/m/n/12.05/37 æ \C19/rm/m/n/12.05/62 ^\OT1/cmr/m/n/12.05 Ray-
marching\C19/rm/m/n/12.05/56  \C19/rm/m/n/12.05/41 {|\C19/rm/m/n/12.05/25 "| \
OT1/cmr/m/n/12.05 Ray-marching\C19/rm/m/n/12.05/56 
 []

<figures/raymarching.png, id=488, 548.80031pt x 312.41719pt>
File: figures/raymarching.png Graphic file (type png)

<use figures/raymarching.png>
Package pdftex.def Info: figures/raymarching.png used on input line 157.
(pdftex.def)             Requested size: 288.7942pt x 164.40761pt.
 [15 <E:/Diploma Project/2015çº§ç¡•å£«/å­Ÿå°åˆ/Thesis/figures/raymarching.png
>]) [16]
("E:\Diploma Project\2015çº§ç¡•å£«\å­Ÿå°åˆ\Thesis\chapter/Chapter-03.tex"
µÚÈıÕÂ
[17



] [18] <figures/algorithm_gen.png, id=526, 1457.445pt x 927.465pt>
File: figures/algorithm_gen.png Graphic file (type png)

<use figures/algorithm_gen.png>
Package pdftex.def Info: figures/algorithm_gen.png used on input line 40.
(pdftex.def)             Requested size: 288.7942pt x 183.77733pt.
 [19]
Underfull \vbox (badness 1097) has occurred while \output is active []

 [20 <E:/Diploma Project/2015çº§ç¡•å£«/å­Ÿå°åˆ/Thesis/figures/algorithm_gen.p
ng>]
<figures/perlin3D.png, id=552, 1000.73875pt x 926.46124pt>
File: figures/perlin3D.png Graphic file (type png)

<use figures/perlin3D.png>
Package pdftex.def Info: figures/perlin3D.png used on input line 68.
(pdftex.def)             Requested size: 185.65295pt x 156.47849pt.

<figures/perlinrendering.png, id=553, 885.3075pt x 645.41125pt>
File: figures/perlinrendering.png Graphic file (type png)

<use figures/perlinrendering.png>
Package pdftex.def Info: figures/perlinrendering.png used on input line 70.
(pdftex.def)             Requested size: 185.64989pt x 156.48741pt.
 [21] [22 <E:/Diploma Project/2015çº§ç¡•å£«/å­Ÿå°åˆ/Thesis/figures/perlin3D.p
ng> <E:/Diploma Project/2015çº§ç¡•å£«/å­Ÿå°åˆ/Thesis/figures/perlinrendering.
png>]
<figures/3DTextureMapping.png, id=571, 1542.76375pt x 708.6475pt>
File: figures/3DTextureMapping.png Graphic file (type png)

<use figures/3DTextureMapping.png>
Package pdftex.def Info: figures/3DTextureMapping.png used on input line 88.
(pdftex.def)             Requested size: 288.7942pt x 132.644pt.
 [23 <E:/Diploma Project/2015çº§ç¡•å£«/å­Ÿå°åˆ/Thesis/figures/3DTextureMappin
g.png>]
<figures/2Drm.png, id=582, 886.31125pt x 789.95125pt>
File: figures/2Drm.png Graphic file (type png)
 <use figures/2Drm.png>
Package pdftex.def Info: figures/2Drm.png used on input line 107.
(pdftex.def)             Requested size: 185.64398pt x 142.2574pt.

<figures/3Drm.png, id=583, 801.99625pt x 853.1875pt>
File: figures/3Drm.png Graphic file (type png)
 <use figures/3Drm.png>
Package pdftex.def Info: figures/3Drm.png used on input line 109.
(pdftex.def)             Requested size: 185.65453pt x 142.25398pt.

<figures/keliwu.png, id=584, 446.66875pt x 461.725pt>
File: figures/keliwu.png Graphic file (type png)
 <use figures/keliwu.png>
Package pdftex.def Info: figures/keliwu.png used on input line 120.
(pdftex.def)             Requested size: 185.65714pt x 142.25964pt.

<figures/keliwu2.png, id=585, 473.77pt x 433.62pt>
File: figures/keliwu2.png Graphic file (type png)
 <use figures/keliwu2.png>
Package pdftex.def Info: figures/keliwu2.png used on input line 122.
(pdftex.def)             Requested size: 185.6515pt x 142.26135pt.

[24 <E:/Diploma Project/2015çº§ç¡•å£«/å­Ÿå°åˆ/Thesis/figures/2Drm.png> <E:/Di
ploma Project/2015çº§ç¡•å£«/å­Ÿå°åˆ/Thesis/figures/3Drm.png>] [25 <E:/Diploma
 Project/2015çº§ç¡•å£«/å­Ÿå°åˆ/Thesis/figures/keliwu.png> <E:/Diploma Project
/2015çº§ç¡•å£«/å­Ÿå°åˆ/Thesis/figures/keliwu2.png>]
<figures/pl_shadow.png, id=617, 1160.335pt x 915.42pt>
File: figures/pl_shadow.png Graphic file (type png)

<use figures/pl_shadow.png>
Package pdftex.def Info: figures/pl_shadow.png used on input line 164.
(pdftex.def)             Requested size: 247.5373pt x 170.70496pt.
 [26] [27 <E:/Diploma Project/2015çº§ç¡•å£«/å­Ÿå°åˆ/Thesis/figures/pl_shadow.
png>]
<figures/splight.png, id=633, 1050.92625pt x 562.35094pt>
File: figures/splight.png Graphic file (type png)

<use figures/splight.png>
Package pdftex.def Info: figures/splight.png used on input line 183.
(pdftex.def)             Requested size: 330.0493pt x 142.26064pt.
 [28 <E:/Diploma Project/2015çº§ç¡•å£«/å­Ÿå°åˆ/Thesis/figures/splight.png>] [
29] [30]
Overfull \hbox (7.22057pt too wide) in paragraph at lines 267--268
[]\C19/rm/m/n/12.05/45 O \C19/rm/m/n/12.05/56  \C19/rm/m/n/12.05/40   \C19/r
m/m/n/12.05/51 S \C19/rm/m/n/12.05/54 Ñ \C19/rm/m/n/12.05/55  \C19/rm/m/n/12.0
5/43 1 \C19/rm/m/n/12.05/59 ‚ \C19/rm/m/n/12.05/64 Š \C19/rm/m/n/12.05/39  \C1
9/rm/m/n/12.05/41 ˜ \C19/rm/m/n/12.05/63 3 \C19/rm/m/n/12.05/58 « \C19/rm/m/n/1
2.05/48 n \C19/rm/m/n/12.05/40 $\OML/cmm/m/it/12.05 RGB$\C19/rm/m/n/12.05/57 Ï
 \C19/rm/m/n/12.05/40  \C19/rm/m/n/12.05/64 ¥|\C19/rm/m/n/12.05/26 §| \C19/rm/
m/n/12.05/59  \C19/rm/m/n/12.05/43 1 \C19/rm/m/n/12.05/59 X \C19/rm/m/n/12.05/
55 ê \C19/rm/m/n/12.05/39  \C19/rm/m/n/12.05/41 ˜ \C19/rm/m/n/12.05/63 3$\OML/
cmm/m/it/12.05 Alpha$\C19/rm/m/n/12.05/57 Ï
 []

[31] <figures/accumulating.png, id=686, 1861.95625pt x 783.92876pt>
File: figures/accumulating.png Graphic file (type png)

<use figures/accumulating.png>
Package pdftex.def Info: figures/accumulating.png used on input line 286.
(pdftex.def)             Requested size: 391.9315pt x 170.70648pt.
 [32]
<figures/csm.png, id=694, 710.655pt x 593.96906pt>
File: figures/csm.png Graphic file (type png)
 <use figures/csm.png>
Package pdftex.def Info: figures/csm.png used on input line 298.
(pdftex.def)             Requested size: 206.28247pt x 172.40974pt.

[33 <E:/Diploma Project/2015çº§ç¡•å£«/å­Ÿå°åˆ/Thesis/figures/accumulating.png
 (PNG copy)>] <figures/splitfrustum.png, id=703, 1504.62125pt x 807.015pt>
File: figures/splitfrustum.png Graphic file (type png)

<use figures/splitfrustum.png>
Package pdftex.def Info: figures/splitfrustum.png used on input line 316.
(pdftex.def)             Requested size: 288.7942pt x 154.89832pt.
 [34 <E:/Diploma Project/2015çº§ç¡•å£«/å­Ÿå°åˆ/Thesis/figures/csm.png>] [35 <
E:/Diploma Project/2015çº§ç¡•å£«/å­Ÿå°åˆ/Thesis/figures/splitfrustum.png>]
Overfull \hbox (30.24097pt too wide) in paragraph at lines 330--331
\OT1/cmr/m/n/12.05 CSM$[]$|\C19/rm/m/n/12.05/26 §| \OT1/cmr/m/n/12.05 ESM$[]$|\
C19/rm/m/n/12.05/26 §| \OT1/cmr/m/n/12.05 Transmittance Func-tion Mapping$[]$ \
C19/rm/m/n/12.05/43 Ú\OT1/cmr/m/n/12.05 Fourier Opac-ity Mapping$[]$\C19/rm/m/n
/12.05/40 |\C19/rm/m/n/12.05/25 "|
 []

<figures/shadowmap.png, id=722, 632.3625pt x 571.13374pt>
File: figures/shadowmap.png Graphic file (type png)

<use figures/shadowmap.png>
Package pdftex.def Info: figures/shadowmap.png used on input line 341.
(pdftex.def)             Requested size: 165.01826pt x 142.2602pt.

<figures/esm.png, id=723, 502.87875pt x 557.08125pt>
File: figures/esm.png Graphic file (type png)
 <use figures/esm.png>
Package pdftex.def Info: figures/esm.png used on input line 343.
(pdftex.def)             Requested size: 165.02202pt x 142.2621pt.

<figures/shadowfun.png, id=727, 770.88pt x 654.19406pt>
File: figures/shadowfun.png Graphic file (type png)

<use figures/shadowfun.png>
Package pdftex.def Info: figures/shadowfun.png used on input line 366.
(pdftex.def)             Requested size: 206.28247pt x 175.05757pt.
 [36]
<figures/filter.png, id=739, 1219.55624pt x 896.34875pt>
File: figures/filter.png Graphic file (type png)

<use figures/filter.png>
Package pdftex.def Info: figures/filter.png used on input line 380.
(pdftex.def)             Requested size: 288.7942pt x 212.25589pt.
 [37 <E:/Diploma Project/2015çº§ç¡•å£«/å­Ÿå°åˆ/Thesis/figures/shadowmap.png> 
<E:/Diploma Project/2015çº§ç¡•å£«/å­Ÿå°åˆ/Thesis/figures/esm.png> <E:/Diploma
 Project/2015çº§ç¡•å£«/å­Ÿå°åˆ/Thesis/figures/shadowfun.png>] [38 <E:/Diploma
 Project/2015çº§ç¡•å£«/å­Ÿå°åˆ/Thesis/figures/filter.png>] <figures/FogColor_
rgb.png, id=761, 1028.84375pt x 770.88pt>
File: figures/FogColor_rgb.png Graphic file (type png)

<use figures/FogColor_rgb.png>
Package pdftex.def Info: figures/FogColor_rgb.png used on input line 402.
(pdftex.def)             Requested size: 185.65485pt x 113.80379pt.

<figures/FogColor_transmitte.png, id=762, 1028.84375pt x 767.86874pt>
File: figures/FogColor_transmitte.png Graphic file (type png)

<use figures/FogColor_transmitte.png>
Package pdftex.def Info: figures/FogColor_transmitte.png used on input line 404
.
(pdftex.def)             Requested size: 185.65485pt x 113.80447pt.

<figures/scenecolor.png, id=763, 1026.83624pt x 770.88pt>
File: figures/scenecolor.png Graphic file (type png)

<use figures/scenecolor.png>
Package pdftex.def Info: figures/scenecolor.png used on input line 406.
(pdftex.def)             Requested size: 185.65295pt x 113.80379pt.

<figures/finalColor.png, id=764, 1026.83624pt x 770.88pt>
File: figures/finalColor.png Graphic file (type png)

<use figures/finalColor.png>
Package pdftex.def Info: figures/finalColor.png used on input line 408.
(pdftex.def)             Requested size: 185.65295pt x 113.80379pt.

<figures/transObject.png, id=767, 1841.88126pt x 578.16pt>
File: figures/transObject.png Graphic file (type png)

<use figures/transObject.png>
Package pdftex.def Info: figures/transObject.png used on input line 419.
(pdftex.def)             Requested size: 412.55049pt x 128.03368pt.
 [39 <E:/Diploma Project/2015çº§ç¡•å£«/å­Ÿå°åˆ/Thesis/figures/FogColor_rgb.pn
g (PNG copy)> <E:/Diploma Project/2015çº§ç¡•å£«/å­Ÿå°åˆ/Thesis/figures/FogCol
or_transmitte.png> <E:/Diploma Project/2015çº§ç¡•å£«/å­Ÿå°åˆ/Thesis/figures/s
cenecolor.png> <E:/Diploma Project/2015çº§ç¡•å£«/å­Ÿå°åˆ/Thesis/figures/final
Color.png>]) [40 <E:/Diploma Project/2015çº§ç¡•å£«/å­Ÿå°åˆ/Thesis/figures/tra
nsObject.png>]
("E:\Diploma Project\2015çº§ç¡•å£«\å­Ÿå°åˆ\Thesis\chapter/Chapter-04.tex"
µÚËÄÕÂ

LaTeX Warning: Reference `DensityGensect' on page 41 undefined on input line 47
.

[41



] [42]) [43]
("E:\Diploma Project\2015çº§ç¡•å£«\å­Ÿå°åˆ\Thesis\å­Ÿè“‰è“‰ç¡•å£«æ¯•ä¸šè®ºæ–‡
.bbl" [44


] [45] [46]) [47]

Package natbib Warning: There were undefined citations.

Package atveryend Info: Empty hook `BeforeClearDocument' on input line 102.
Package atveryend Info: Empty hook `AfterLastShipout' on input line 102.

("E:\Diploma Project\2015çº§ç¡•å£«\å­Ÿå°åˆ\Thesis\å­Ÿè“‰è“‰ç¡•å£«æ¯•ä¸šè®ºæ–‡
.aux" ("E:\Diploma Project\2015çº§ç¡•å£«\å­Ÿå°åˆ\Thesis\chapter/Abstract.aux"
) ("E:\Diploma Project\2015çº§ç¡•å£«\å­Ÿå°åˆ\Thesis\chapter/Chapter-01.aux")
("E:\Diploma Project\2015çº§ç¡•å£«\å­Ÿå°åˆ\Thesis\chapter/Chapter-02.aux")
("E:\Diploma Project\2015çº§ç¡•å£«\å­Ÿå°åˆ\Thesis\chapter/Chapter-03.aux")
("E:\Diploma Project\2015çº§ç¡•å£«\å­Ÿå°åˆ\Thesis\chapter/Chapter-04.aux"))
Package atveryend Info: Executing hook `AtVeryEndDocument' on input line 102.
Package atveryend Info: Executing hook `AtEndAfterFileList' on input line 102.
Package rerunfilecheck Info: File `å­Ÿè“‰è“‰ç¡•å£«æ¯•ä¸šè®ºæ–‡.out' has not cha
nged.
(rerunfilecheck)             Checksum: D008A1AF530BCE7E1CB4788E7BD81A92;2991.


LaTeX Warning: There were undefined references.

 ) 
Here is how much of TeX's memory you used:
 16391 strings out of 495354
 264827 string characters out of 3183074
 332322 words of memory out of 3000000
 18897 multiletter control sequences out of 15000+200000
 65103 words of font info for 223 fonts, out of 3000000 for 9000
 14 hyphenation exceptions out of 8191
 47i,14n,51p,1722b,1111s stack positions out of 5000i,500n,10000p,200000b,50000s
<C:/WINDOWS/Fonts/simhei.ttf><C:/WINDOWS/Fonts/simhei.ttf><C:/WINDOWS/Fonts/s
imhei.ttf><C:/WINDOWS/Fonts/simhei.ttf><C:/WINDOWS/Fonts/simhei.ttf><C:/WINDOWS
/Fonts/simhei.ttf><C:/WINDOWS/Fonts/simsun.ttc><C:/WINDOWS/Fonts/simhei.ttf><C:
/WINDOWS/Fonts/simhei.ttf><C:/WINDOWS/Fonts/simsun.ttc><C:/WINDOWS/Fonts/simsun
.ttc><C:/WINDOWS/Fonts/simhei.ttf><C:/WINDOWS/Fonts/simhei.ttf><C:/WINDOWS/Font
s/simsun.ttc><C:/WINDOWS/Fonts/simsun.ttc><C:/WINDOWS/Fonts/simhei.ttf><C:/WIND
OWS/Fonts/simhei.ttf><C:/WINDOWS/Fonts/simsun.ttc><C:/WINDOWS/Fonts/simsun.ttc>
<C:/WINDOWS/Fonts/simsun.ttc><C:/WINDOWS/Fonts/simsun.ttc><C:/WINDOWS/Fonts/sim
sun.ttc><C:/WINDOWS/Fonts/simsun.ttc><C:/WINDOWS/Fonts/simhei.ttf><C:/WINDOWS/F
onts/simhei.ttf><C:/WINDOWS/Fonts/simhei.ttf><C:/WINDOWS/Fonts/simsun.ttc><C:/W
INDOWS/Fonts/simsun.ttc><C:/WINDOWS/Fonts/simsun.ttc><C:/WINDOWS/Fonts/simhei.t
tf><C:/WINDOWS/Fonts/simhei.ttf><C:/WINDOWS/Fonts/simsun.ttc><C:/WINDOWS/Fonts/
simsun.ttc><C:/WINDOWS/Fonts/simsun.ttc><C:/WINDOWS/Fonts/simsun.ttc><C:/WINDOW
S/Fonts/simsun.ttc><C:/WINDOWS/Fonts/simsun.ttc><C:/WINDOWS/Fonts/simsun.ttc><C
:/WINDOWS/Fonts/simsun.ttc><C:/WINDOWS/Fonts/simhei.ttf><C:/WINDOWS/Fonts/simsu
n.ttc><C:/WINDOWS/Fonts/simsun.ttc><C:/WINDOWS/Fonts/simsun.ttc><C:/WINDOWS/Fon
ts/simhei.ttf><C:/WINDOWS/Fonts/simhei.ttf><C:/WINDOWS/Fonts/simkai.ttf><C:/WIN
DOWS/Fonts/simkai.ttf><C:/WINDOWS/Fonts/simhei.ttf><C:/WINDOWS/Fonts/simhei.ttf
><C:/WINDOWS/Fonts/simhei.ttf><C:/WINDOWS/Fonts/simhei.ttf><C:/WINDOWS/Fonts/si
mhei.ttf><C:/WINDOWS/Fonts/simhei.ttf><C:/WINDOWS/Fonts/simhei.ttf><C:/WINDOWS/
Fonts/simhei.ttf><C:/WINDOWS/Fonts/simhei.ttf><C:/WINDOWS/Fonts/simhei.ttf><C:/
WINDOWS/Fonts/simhei.ttf><C:/WINDOWS/Fonts/simsun.ttc><C:/WINDOWS/Fonts/simsun.
ttc><C:/WINDOWS/Fonts/simsun.ttc><C:/WINDOWS/Fonts/simsun.ttc><C:/WINDOWS/Fonts
/simsun.ttc><C:/WINDOWS/Fonts/simsun.ttc><C:/WINDOWS/Fonts/simsun.ttc><C:/WINDO
WS/Fonts/simsun.ttc><C:/WINDOWS/Fonts/simsun.ttc><C:/WINDOWS/Fonts/simsun.ttc><
C:/WINDOWS/Fonts/simsun.ttc><C:/Program Files/CTEX/MiKTeX/fonts/type1/public/am
sfonts/cm/cmbx12.pfb><C:/Program Files/CTEX/MiKTeX/fonts/type1/public/amsfonts/
cm/cmbx8.pfb><C:/Program Files/CTEX/MiKTeX/fonts/type1/public/amsfonts/cm/cmex1
0.pfb><C:/Program Files/CTEX/MiKTeX/fonts/type1/public/amsfonts/cm/cmmi12.pfb><
C:/Program Files/CTEX/MiKTeX/fonts/type1/public/amsfonts/cm/cmmi6.pfb><C:/Progr
am Files/CTEX/MiKTeX/fonts/type1/public/amsfonts/cm/cmmi8.pfb><C:/Program Files
/CTEX/MiKTeX/fonts/type1/public/amsfonts/cm/cmr10.pfb><C:/Program Files/CTEX/Mi
KTeX/fonts/type1/public/amsfonts/cm/cmr12.pfb><C:/Program Files/CTEX/MiKTeX/fon
ts/type1/public/amsfonts/cm/cmr6.pfb><C:/Program Files/CTEX/MiKTeX/fonts/type1/
public/amsfonts/cm/cmr8.pfb><C:/Program Files/CTEX/MiKTeX/fonts/type1/public/am
sfonts/cm/cmr9.pfb><C:/Program Files/CTEX/MiKTeX/fonts/type1/public/amsfonts/cm
/cmsy10.pfb><C:/Program Files/CTEX/MiKTeX/fonts/type1/public/amsfonts/cm/cmsy6.
pfb><C:/Program Files/CTEX/MiKTeX/fonts/type1/public/amsfonts/cm/cmsy8.pfb><C:/
Program Files/CTEX/MiKTeX/fonts/type1/public/amsfonts/cm/cmti12.pfb>
Output written on å­Ÿè“‰è“‰ç¡•å£«æ¯•ä¸šè®ºæ–‡.pdf (53 pages, 17193621 bytes).
PDF statistics:
 1122 PDF objects out of 1200 (max. 8388607)
 204 named destinations out of 1000 (max. 500000)
 515 words of extra memory for PDF output out of 10000 (max. 10000000)

